<?xml version="1.0" encoding="UTF-8"?>
<!-- Generated by org.testng.reporters.JUnitXMLReporter -->
<testsuite ignored="0" hostname="Rahul-PL.local" failures="0" tests="4" name="Default test" time="42.838" errors="0" timestamp="2025-03-10T12:05:43 IST">
  <testcase classname="xyz.contractingDashboardTestCases.ContinueWithEmail_Login" name="@BeforeMethod setup" time="42.668">
    <failure type="org.openqa.selenium.SessionNotCreatedException" message="Could not start a new session. Response code 500. Message: Could not create a session: The session timed out while connecting to a Safari instance. 
Host info: host: &amp;apos;Rahul-PL.local&amp;apos;, ip: &amp;apos;fe80:0:0:0:96:9fd8:de7b:6bc1%en0&amp;apos;
Build info: version: &amp;apos;4.27.0&amp;apos;, revision: &amp;apos;d6e718d134&amp;apos;
System info: os.name: &amp;apos;Mac OS X&amp;apos;, os.arch: &amp;apos;x86_64&amp;apos;, os.version: &amp;apos;15.2&amp;apos;, java.version: &amp;apos;23.0.1&amp;apos;
Driver info: org.openqa.selenium.safari.SafariDriver
Command: [null, newSession {capabilities=[Capabilities {browserName: safari}]}]
Capabilities {browserName: safari}">
      <![CDATA[org.openqa.selenium.SessionNotCreatedException: Could not start a new session. Response code 500. Message: Could not create a session: The session timed out while connecting to a Safari instance. 
Host info: host: 'Rahul-PL.local', ip: 'fe80:0:0:0:96:9fd8:de7b:6bc1%en0'
Build info: version: '4.27.0', revision: 'd6e718d134'
System info: os.name: 'Mac OS X', os.arch: 'x86_64', os.version: '15.2', java.version: '23.0.1'
Driver info: org.openqa.selenium.safari.SafariDriver
Command: [null, newSession {capabilities=[Capabilities {browserName: safari}]}]
Capabilities {browserName: safari}
at org.openqa.selenium.remote.ProtocolHandshake.createSession(ProtocolHandshake.java:114)
at org.openqa.selenium.remote.ProtocolHandshake.createSession(ProtocolHandshake.java:75)
at org.openqa.selenium.remote.ProtocolHandshake.createSession(ProtocolHandshake.java:61)
at org.openqa.selenium.remote.HttpCommandExecutor.execute(HttpCommandExecutor.java:162)
at org.openqa.selenium.remote.service.DriverCommandExecutor.invokeExecute(DriverCommandExecutor.java:216)
at org.openqa.selenium.remote.service.DriverCommandExecutor.execute(DriverCommandExecutor.java:174)
at org.openqa.selenium.remote.RemoteWebDriver.execute(RemoteWebDriver.java:545)
at org.openqa.selenium.remote.RemoteWebDriver.startSession(RemoteWebDriver.java:245)
at org.openqa.selenium.remote.RemoteWebDriver.<init>(RemoteWebDriver.java:174)
at org.openqa.selenium.safari.SafariDriver.<init>(SafariDriver.java:84)
at org.openqa.selenium.safari.SafariDriver.<init>(SafariDriver.java:80)
at org.openqa.selenium.safari.SafariDriver.<init>(SafariDriver.java:57)
at org.openqa.selenium.safari.SafariDriver.<init>(SafariDriver.java:48)
at xyz.console.InitializeBrowser.InitializeBrowser.InitializeBrowserAndOpenApplicationURL(InitializeBrowser.java:19)
at xyz.contractingDashboardTestCases.ContinueWithEmail_Login.setup(ContinueWithEmail_Login.java:28)
at java.base/jdk.internal.reflect.DirectMethodHandleAccessor.invoke(DirectMethodHandleAccessor.java:103)
at java.base/java.lang.reflect.Method.invoke(Method.java:580)
at org.testng.internal.MethodInvocationHelper.invokeMethod(MethodInvocationHelper.java:133)
at org.testng.internal.MethodInvocationHelper.invokeMethodConsideringTimeout(MethodInvocationHelper.java:62)
at org.testng.internal.ConfigInvoker.invokeConfigurationMethod(ConfigInvoker.java:385)
at org.testng.internal.ConfigInvoker.invokeConfigurations(ConfigInvoker.java:321)
at org.testng.internal.TestInvoker.runConfigMethods(TestInvoker.java:700)
at org.testng.internal.TestInvoker.invokeMethod(TestInvoker.java:527)
at org.testng.internal.TestInvoker.invokeTestMethod(TestInvoker.java:173)
at org.testng.internal.MethodRunner.runInSequence(MethodRunner.java:46)
at org.testng.internal.TestInvoker$MethodInvocationAgent.invoke(TestInvoker.java:824)
at org.testng.internal.TestInvoker.invokeTestMethods(TestInvoker.java:146)
at org.testng.internal.TestMethodWorker.invokeTestMethods(TestMethodWorker.java:146)
at org.testng.internal.TestMethodWorker.run(TestMethodWorker.java:128)
at java.base/java.util.ArrayList.forEach(ArrayList.java:1597)
at org.testng.TestRunner.privateRun(TestRunner.java:794)
at org.testng.TestRunner.run(TestRunner.java:596)
at org.testng.SuiteRunner.runTest(SuiteRunner.java:377)
at org.testng.SuiteRunner.runSequentially(SuiteRunner.java:371)
at org.testng.SuiteRunner.privateRun(SuiteRunner.java:332)
at org.testng.SuiteRunner.run(SuiteRunner.java:276)
at org.testng.SuiteRunnerWorker.runSuite(SuiteRunnerWorker.java:53)
at org.testng.SuiteRunnerWorker.run(SuiteRunnerWorker.java:96)
at org.testng.TestNG.runSuitesSequentially(TestNG.java:1212)
at org.testng.TestNG.runSuitesLocally(TestNG.java:1134)
at org.testng.TestNG.runSuites(TestNG.java:1063)
at org.testng.TestNG.run(TestNG.java:1031)
at org.testng.remote.AbstractRemoteTestNG.run(AbstractRemoteTestNG.java:115)
at org.testng.remote.RemoteTestNG.initAndRun(RemoteTestNG.java:293)
at org.testng.remote.RemoteTestNG.main(RemoteTestNG.java:91)
]]>
    </failure>
  </testcase> <!-- @BeforeMethod setup -->
  <testcase classname="xyz.contractingDashboardTestCases.ContinueWithEmail_Login" name="@AfterMethod tearDown" time="-1.741588542787E9">
    <skipped/>
  </testcase> <!-- @AfterMethod tearDown -->
  <testcase classname="xyz.contractingDashboardTestCases.ContinueWithEmail_Login" name="@BeforeMethod setup" time="-1.741588542799E9">
    <skipped/>
  </testcase> <!-- @BeforeMethod setup -->
  <testcase classname="xyz.contractingDashboardTestCases.ContinueWithEmail_Login" name="@AfterMethod tearDown" time="-1.74158854281E9">
    <skipped/>
  </testcase> <!-- @AfterMethod tearDown -->
  <testcase classname="xyz.contractingDashboardTestCases.ContinueWithEmail_Login" name="@BeforeMethod setup" time="-1.741588542812E9">
    <skipped/>
  </testcase> <!-- @BeforeMethod setup -->
  <testcase classname="xyz.contractingDashboardTestCases.ContinueWithEmail_Login" name="@AfterMethod tearDown" time="-1.741588542825E9">
    <skipped/>
  </testcase> <!-- @AfterMethod tearDown -->
  <testcase classname="xyz.contractingDashboardTestCases.ContinueWithEmail_Login" name="@BeforeMethod setup" time="-1.741588542832E9">
    <skipped/>
  </testcase> <!-- @BeforeMethod setup -->
  <testcase classname="xyz.contractingDashboardTestCases.ContinueWithEmail_Login" name="@AfterMethod tearDown" time="-1.741588542851E9">
    <skipped/>
  </testcase> <!-- @AfterMethod tearDown -->
  <testcase classname="xyz.contractingDashboardTestCases.ContinueWithEmail_Login" name="VerifyLoginithValidCredential" time="0.0">
    <skipped/>
  </testcase> <!-- VerifyLoginithValidCredential -->
  <testcase classname="xyz.contractingDashboardTestCases.ContinueWithEmail_Login" name="VerifyWithInvalidEmailCredentials" time="0.0">
    <skipped/>
  </testcase> <!-- VerifyWithInvalidEmailCredentials -->
  <testcase classname="xyz.contractingDashboardTestCases.ContinueWithEmail_Login" name="VerifyWithInvalidPasswordCredentials" time="0.0">
    <skipped/>
  </testcase> <!-- VerifyWithInvalidPasswordCredentials -->
  <testcase classname="xyz.contractingDashboardTestCases.ContinueWithEmail_Login" name="VerifyWithoutAnyData" time="0.0">
    <skipped/>
  </testcase> <!-- VerifyWithoutAnyData -->
</testsuite> <!-- Default test -->
